<?xml version="1.0" encoding="UTF-8" ?>
<testsuite failures="0" time="20.788" errors="0" skipped="0" tests="62" name="test.hida.MinterTest">
  <properties>
    <property name="java.runtime.name" value="Java(TM) SE Runtime Environment"/>
    <property name="sun.boot.library.path" value="C:\Program Files\Java\jdk1.7.0_80\jre\bin"/>
    <property name="java.vm.version" value="24.80-b11"/>
    <property name="java.vm.vendor" value="Oracle Corporation"/>
    <property name="java.vendor.url" value="http://java.oracle.com/"/>
    <property name="path.separator" value=";"/>
    <property name="guice.disable.misplaced.annotation.check" value="true"/>
    <property name="java.vm.name" value="Java HotSpot(TM) 64-Bit Server VM"/>
    <property name="file.encoding.pkg" value="sun.io"/>
    <property name="user.script" value=""/>
    <property name="user.country" value="US"/>
    <property name="sun.java.launcher" value="SUN_STANDARD"/>
    <property name="sun.os.patch.level" value=""/>
    <property name="java.vm.specification.name" value="Java Virtual Machine Specification"/>
    <property name="user.dir" value="C:\Users\lruffin\Desktop\PID Web Service\Minter"/>
    <property name="java.runtime.version" value="1.7.0_80-b15"/>
    <property name="java.awt.graphicsenv" value="sun.awt.Win32GraphicsEnvironment"/>
    <property name="java.endorsed.dirs" value="C:\Program Files\Java\jdk1.7.0_80\jre\lib\endorsed"/>
    <property name="os.arch" value="amd64"/>
    <property name="java.io.tmpdir" value="C:\Users\lruffin\AppData\Local\Temp\"/>
    <property name="line.separator" value="
"/>
    <property name="java.vm.specification.vendor" value="Oracle Corporation"/>
    <property name="user.variant" value=""/>
    <property name="os.name" value="Windows 8.1"/>
    <property name="maven.ext.class.path" value="C:\Program Files\NetBeans 8.0.2\java\maven-nblib\netbeans-eventspy.jar"/>
    <property name="classworlds.conf" value="C:\Program Files\NetBeans 8.0.2\java\maven\bin\m2.conf"/>
    <property name="sun.jnu.encoding" value="Cp1252"/>
    <property name="java.library.path" value="C:\Program Files\Java\jdk1.7.0_80\bin;C:\WINDOWS\Sun\Java\bin;C:\WINDOWS\system32;C:\WINDOWS;C:\Python34\;C:\Python34\Scripts;C:\Program Files\Broadcom\Broadcom 802.11;c:\Program Files (x86)\Intel\iCLS Client\;c:\Program Files\Intel\iCLS Client\;C:\WINDOWS\system32;C:\WINDOWS;C:\WINDOWS\System32\Wbem;C:\WINDOWS\System32\WindowsPowerShell\v1.0\;C:\Program Files\Hewlett-Packard\SimplePass\;C:\Program Files\Intel\Intel(R) Management Engine Components\DAL;C:\Program Files (x86)\Intel\Intel(R) Management Engine Components\DAL;C:\Program Files\Intel\Intel(R) Management Engine Components\IPT;C:\Program Files (x86)\Intel\Intel(R) Management Engine Components\IPT;C:\Program Files\Git\cmdC:\sqlite;C:\Program Files (x86)\Skype\Phone\;C:\Program Files (x86)\GtkSharp\2.12\bin;C:\Ruby21-x64\bin;."/>
    <property name="java.specification.name" value="Java Platform API Specification"/>
    <property name="java.class.version" value="51.0"/>
    <property name="sun.management.compiler" value="HotSpot 64-Bit Tiered Compilers"/>
    <property name="os.version" value="6.3"/>
    <property name="user.home" value="C:\Users\lruffin"/>
    <property name="user.timezone" value="Pacific/Honolulu"/>
    <property name="java.awt.printerjob" value="sun.awt.windows.WPrinterJob"/>
    <property name="java.specification.version" value="1.7"/>
    <property name="file.encoding" value="UTF-8"/>
    <property name="user.name" value="lruffin"/>
    <property name="java.class.path" value="C:\Program Files\NetBeans 8.0.2\java\maven\boot\plexus-classworlds-2.4.jar"/>
    <property name="java.vm.specification.version" value="1.7"/>
    <property name="sun.arch.data.model" value="64"/>
    <property name="java.home" value="C:\Program Files\Java\jdk1.7.0_80\jre"/>
    <property name="sun.java.command" value="org.codehaus.plexus.classworlds.launcher.Launcher -Dmaven.ext.class.path=C:\Program Files\NetBeans 8.0.2\java\maven-nblib\netbeans-eventspy.jar -Dfile.encoding=UTF-8 install"/>
    <property name="java.specification.vendor" value="Oracle Corporation"/>
    <property name="user.language" value="en"/>
    <property name="awt.toolkit" value="sun.awt.windows.WToolkit"/>
    <property name="java.vm.info" value="mixed mode"/>
    <property name="java.version" value="1.7.0_80"/>
    <property name="java.ext.dirs" value="C:\Program Files\Java\jdk1.7.0_80\jre\lib\ext;C:\WINDOWS\Sun\Java\lib\ext"/>
    <property name="sun.boot.class.path" value="C:\Program Files\Java\jdk1.7.0_80\jre\lib\resources.jar;C:\Program Files\Java\jdk1.7.0_80\jre\lib\rt.jar;C:\Program Files\Java\jdk1.7.0_80\jre\lib\sunrsasign.jar;C:\Program Files\Java\jdk1.7.0_80\jre\lib\jsse.jar;C:\Program Files\Java\jdk1.7.0_80\jre\lib\jce.jar;C:\Program Files\Java\jdk1.7.0_80\jre\lib\charsets.jar;C:\Program Files\Java\jdk1.7.0_80\jre\lib\jfr.jar;C:\Program Files\Java\jdk1.7.0_80\jre\classes"/>
    <property name="java.vendor" value="Oracle Corporation"/>
    <property name="maven.home" value="C:\Program Files\NetBeans 8.0.2\java\maven"/>
    <property name="file.separator" value="\"/>
    <property name="java.vendor.url.bug" value="http://bugreport.sun.com/bugreport/"/>
    <property name="sun.cpu.endian" value="little"/>
    <property name="sun.io.unicode.encoding" value="UnicodeLittle"/>
    <property name="sun.desktop" value="windows"/>
    <property name="sun.cpu.isalist" value="amd64"/>
  </properties>
  <testcase time="0.105" classname="test.hida.MinterTest" name="populateAutoDigitFormat"/>
  <testcase time="0.001" classname="test.hida.MinterTest" name="testBadParameterExceptionAutoMinter"/>
  <testcase time="0" classname="test.hida.MinterTest" name="testBadParameterExceptionAutoMinter"/>
  <testcase time="0.001" classname="test.hida.MinterTest" name="testBadParameterExceptionAutoMinter"/>
  <testcase time="0" classname="test.hida.MinterTest" name="testBadParameterExceptionAutoMinter"/>
  <testcase time="0.001" classname="test.hida.MinterTest" name="testBadParameterExceptionAutoMinter"/>
  <testcase time="0.057" classname="test.hida.MinterTest" name="testUniqueIdAutoSequentialMinter"/>
  <testcase time="0.044" classname="test.hida.MinterTest" name="testUniqueIdAutoSequentialMinter"/>
  <testcase time="0.086" classname="test.hida.MinterTest" name="testUniqueIdAutoSequentialMinter"/>
  <testcase time="0.285" classname="test.hida.MinterTest" name="testUniqueIdAutoSequentialMinter"/>
  <testcase time="0.084" classname="test.hida.MinterTest" name="testUniqueIdAutoSequentialMinter"/>
  <testcase time="0.2" classname="test.hida.MinterTest" name="testUniqueIdAutoSequentialMinter"/>
  <testcase time="0.697" classname="test.hida.MinterTest" name="testUniqueIdAutoSequentialMinter"/>
  <testcase time="0.041" classname="test.hida.MinterTest" name="testUniqueIdRandomCustomMinter"/>
  <testcase time="0.032" classname="test.hida.MinterTest" name="testUniqueIdRandomCustomMinter"/>
  <testcase time="0.035" classname="test.hida.MinterTest" name="testUniqueIdRandomCustomMinter"/>
  <testcase time="0.032" classname="test.hida.MinterTest" name="testUniqueIdRandomCustomMinter"/>
  <testcase time="0.066" classname="test.hida.MinterTest" name="testUniqueIdRandomCustomMinter"/>
  <testcase time="0.055" classname="test.hida.MinterTest" name="testUniqueIdRandomCustomMinter"/>
  <testcase time="0.033" classname="test.hida.MinterTest" name="testUniqueIdRandomCustomMinter"/>
  <testcase time="0.056" classname="test.hida.MinterTest" name="testUniqueIdRandomCustomMinter"/>
  <testcase time="0.091" classname="test.hida.MinterTest" name="testUniqueIdRandomCustomMinter"/>
  <testcase time="0.031" classname="test.hida.MinterTest" name="testUniqueIdRandomCustomMinter"/>
  <testcase time="0.138" classname="test.hida.MinterTest" name="testUniqueIdSequentialCustomMinter"/>
  <testcase time="0.401" classname="test.hida.MinterTest" name="testUniqueIdSequentialCustomMinter"/>
  <testcase time="0.208" classname="test.hida.MinterTest" name="testUniqueIdSequentialCustomMinter"/>
  <testcase time="0.295" classname="test.hida.MinterTest" name="testUniqueIdSequentialCustomMinter"/>
  <testcase time="0.036" classname="test.hida.MinterTest" name="testUniqueIdSequentialCustomMinter"/>
  <testcase time="0.031" classname="test.hida.MinterTest" name="testUniqueIdSequentialCustomMinter"/>
  <testcase time="0.032" classname="test.hida.MinterTest" name="testUniqueIdSequentialCustomMinter"/>
  <testcase time="0.032" classname="test.hida.MinterTest" name="testUniqueIdSequentialCustomMinter"/>
  <testcase time="0.035" classname="test.hida.MinterTest" name="testUniqueIdSequentialCustomMinter"/>
  <testcase time="0.072" classname="test.hida.MinterTest" name="testUniqueIdSequentialCustomMinter"/>
  <testcase time="0.044" classname="test.hida.MinterTest" name="testUniqueIdRandomAutoMinter"/>
  <testcase time="0.036" classname="test.hida.MinterTest" name="testUniqueIdRandomAutoMinter"/>
  <testcase time="0.041" classname="test.hida.MinterTest" name="testUniqueIdRandomAutoMinter"/>
  <testcase time="0.031" classname="test.hida.MinterTest" name="testUniqueIdRandomAutoMinter"/>
  <testcase time="0.058" classname="test.hida.MinterTest" name="testUniqueIdRandomAutoMinter"/>
  <testcase time="0.066" classname="test.hida.MinterTest" name="testUniqueIdRandomAutoMinter"/>
  <testcase time="0.043" classname="test.hida.MinterTest" name="testUniqueIdRandomAutoMinter"/>
  <testcase time="0.001" classname="test.hida.MinterTest" name="testBadParameterExceptionCustomMinter"/>
  <testcase time="0.001" classname="test.hida.MinterTest" name="testBadParameterExceptionCustomMinter"/>
  <testcase time="0" classname="test.hida.MinterTest" name="testBadParameterExceptionCustomMinter"/>
  <testcase time="0.001" classname="test.hida.MinterTest" name="testBadParameterExceptionCustomMinter"/>
  <testcase time="0.04" classname="test.hida.MinterTest" name="testFormat"/>
  <testcase time="0.071" classname="test.hida.MinterTest" name="testFormat"/>
  <testcase time="0.041" classname="test.hida.MinterTest" name="testFormat"/>
  <testcase time="0.055" classname="test.hida.MinterTest" name="testFormat"/>
  <testcase time="0.06" classname="test.hida.MinterTest" name="testFormat"/>
  <testcase time="0.041" classname="test.hida.MinterTest" name="testFormat"/>
  <testcase time="0.037" classname="test.hida.MinterTest" name="testFormat"/>
  <testcase time="0.043" classname="test.hida.MinterTest" name="testFormat"/>
  <testcase time="0.045" classname="test.hida.MinterTest" name="testFormat"/>
  <testcase time="0.038" classname="test.hida.MinterTest" name="testFormat"/>
  <testcase time="0.053" classname="test.hida.MinterTest" name="testFormat"/>
  <testcase time="0.046" classname="test.hida.MinterTest" name="testFormat"/>
  <testcase time="0.048" classname="test.hida.MinterTest" name="testFormat"/>
  <testcase time="0.036" classname="test.hida.MinterTest" name="testFormat"/>
  <testcase time="0.082" classname="test.hida.MinterTest" name="formatOverlap"/>
  <testcase time="2.393" classname="test.hida.MinterTest" name="formatOverlap"/>
  <testcase time="1.958" classname="test.hida.MinterTest" name="formatOverlap"/>
  <testcase time="10.781" classname="test.hida.MinterTest" name="formatOverlap"/>
</testsuite>